<?xml version="1.0" encoding="UTF-8"?>
<!-- Generated by org.testng.reporters.JUnitXMLReporter -->
<testsuite hostname="Admin-PC" ignored="0" name="Test" tests="2" failures="1" timestamp="2021-09-27T23:20:56 IST" time="20.643" errors="0">
  <testcase name="SwagLoginTest" time="0.999" classname="Com.SWAG.Testcases.LoginTest"/>
  <testcase name="SwagLoginTest2" time="0.01" classname="Com.SWAG.Testcases.LoginTest">
    <failure type="java.lang.NullPointerException">
      <![CDATA[java.lang.NullPointerException
at Com.SWAG.Utility.ExcelReader.ReadExcelData(ExcelReader.java:32)
at Com.SWAG.Testcases.LoginTest.SwagLoginTest2(LoginTest.java:49)
at java.util.ArrayList.forEach(Unknown Source)
... Removed 27 stack frames]]>
    </failure>
  </testcase> <!-- SwagLoginTest2 -->
</testsuite> <!-- Test -->
