<?xml version="1.0" encoding="UTF-8"?>
<testng-results skipped="0" failed="1" ignored="0" total="2" passed="1">
  <reporter-output>
  </reporter-output>
  <suite name="Suite" duration-ms="20643" started-at="2021-09-27T23:20:35 IST" finished-at="2021-09-27T23:20:56 IST">
    <groups>
    </groups>
    <test name="Test" duration-ms="20643" started-at="2021-09-27T23:20:35 IST" finished-at="2021-09-27T23:20:56 IST">
      <class name="Com.SWAG.Testcases.LoginTest">
        <test-method status="PASS" signature="ExcelLaunched()[pri:0, instance:Com.SWAG.Testcases.LoginTest@86be70a]" name="ExcelLaunched" is-config="true" duration-ms="1178" started-at="2021-09-27T23:20:34 IST" finished-at="2021-09-27T23:20:35 IST">
          <reporter-output>
          </reporter-output>
        </test-method> <!-- ExcelLaunched -->
        <test-method status="PASS" signature="Browseropen()[pri:0, instance:Com.SWAG.Testcases.LoginTest@86be70a]" name="Browseropen" is-config="true" duration-ms="18369" started-at="2021-09-27T23:20:35 IST" finished-at="2021-09-27T23:20:54 IST">
          <reporter-output>
          </reporter-output>
        </test-method> <!-- Browseropen -->
        <test-method status="PASS" signature="SwagLoginTest()[pri:0, instance:Com.SWAG.Testcases.LoginTest@86be70a]" name="SwagLoginTest" duration-ms="999" started-at="2021-09-27T23:20:54 IST" finished-at="2021-09-27T23:20:55 IST">
          <reporter-output>
          </reporter-output>
        </test-method> <!-- SwagLoginTest -->
        <test-method status="PASS" signature="Closetestcases()[pri:0, instance:Com.SWAG.Testcases.LoginTest@86be70a]" name="Closetestcases" is-config="true" duration-ms="992" started-at="2021-09-27T23:20:55 IST" finished-at="2021-09-27T23:20:56 IST">
          <reporter-output>
          </reporter-output>
        </test-method> <!-- Closetestcases -->
        <test-method status="FAIL" signature="SwagLoginTest2()[pri:0, instance:Com.SWAG.Testcases.LoginTest@86be70a]" name="SwagLoginTest2" duration-ms="10" started-at="2021-09-27T23:20:56 IST" finished-at="2021-09-27T23:20:56 IST">
          <exception class="java.lang.NullPointerException">
            <full-stacktrace>
              <![CDATA[java.lang.NullPointerException
at Com.SWAG.Utility.ExcelReader.ReadExcelData(ExcelReader.java:32)
at Com.SWAG.Testcases.LoginTest.SwagLoginTest2(LoginTest.java:49)
at sun.reflect.NativeMethodAccessorImpl.invoke0(Native Method)
at sun.reflect.NativeMethodAccessorImpl.invoke(Unknown Source)
at sun.reflect.DelegatingMethodAccessorImpl.invoke(Unknown Source)
at java.lang.reflect.Method.invoke(Unknown Source)
at org.testng.internal.MethodInvocationHelper.invokeMethod(MethodInvocationHelper.java:133)
at org.testng.internal.TestInvoker.invokeMethod(TestInvoker.java:598)
at org.testng.internal.TestInvoker.invokeTestMethod(TestInvoker.java:173)
at org.testng.internal.MethodRunner.runInSequence(MethodRunner.java:46)
at org.testng.internal.TestInvoker$MethodInvocationAgent.invoke(TestInvoker.java:824)
at org.testng.internal.TestInvoker.invokeTestMethods(TestInvoker.java:146)
at org.testng.internal.TestMethodWorker.invokeTestMethods(TestMethodWorker.java:146)
at org.testng.internal.TestMethodWorker.run(TestMethodWorker.java:128)
at java.util.ArrayList.forEach(Unknown Source)
at org.testng.TestRunner.privateRun(TestRunner.java:794)
at org.testng.TestRunner.run(TestRunner.java:596)
at org.testng.SuiteRunner.runTest(SuiteRunner.java:377)
at org.testng.SuiteRunner.runSequentially(SuiteRunner.java:371)
at org.testng.SuiteRunner.privateRun(SuiteRunner.java:332)
at org.testng.SuiteRunner.run(SuiteRunner.java:276)
at org.testng.SuiteRunnerWorker.runSuite(SuiteRunnerWorker.java:53)
at org.testng.SuiteRunnerWorker.run(SuiteRunnerWorker.java:96)
at org.testng.TestNG.runSuitesSequentially(TestNG.java:1212)
at org.testng.TestNG.runSuitesLocally(TestNG.java:1134)
at org.testng.TestNG.runSuites(TestNG.java:1063)
at org.testng.TestNG.run(TestNG.java:1031)
at org.testng.remote.AbstractRemoteTestNG.run(AbstractRemoteTestNG.java:115)
at org.testng.remote.RemoteTestNG.initAndRun(RemoteTestNG.java:251)
at org.testng.remote.RemoteTestNG.main(RemoteTestNG.java:77)
]]>
            </full-stacktrace>
          </exception> <!-- java.lang.NullPointerException -->
          <reporter-output>
          </reporter-output>
        </test-method> <!-- SwagLoginTest2 -->
        <test-method status="PASS" signature="Closetestcases()[pri:0, instance:Com.SWAG.Testcases.LoginTest@86be70a]" name="Closetestcases" is-config="true" duration-ms="190" started-at="2021-09-27T23:20:56 IST" finished-at="2021-09-27T23:20:56 IST">
          <reporter-output>
          </reporter-output>
        </test-method> <!-- Closetestcases -->
      </class> <!-- Com.SWAG.Testcases.LoginTest -->
    </test> <!-- Test -->
  </suite> <!-- Suite -->
</testng-results>
